<?xml version="1.0" encoding="UTF-8"?>
<!-- Generated by org.testng.reporters.JUnitReportReporter -->
<testsuite hostname="DESKTOP-PUKSTHP" failures="0" tests="9" name="E_commerceSite.E_commerceSite.AppTest" time="39.011" errors="0" timestamp="2025-06-21T01:08:57 PDT" skipped="0">
  <testcase classname="E_commerceSite.E_commerceSite.AppTest" name="signUp" time="2.640"/>
  <testcase classname="E_commerceSite.E_commerceSite.AppTest" name="accountInformation" time="4.748"/>
  <testcase classname="E_commerceSite.E_commerceSite.AppTest" name="searchProducts" time="3.909"/>
  <testcase classname="E_commerceSite.E_commerceSite.AppTest" name="addProduct" time="0.422"/>
  <testcase classname="E_commerceSite.E_commerceSite.AppTest" name="brands" time="5.649"/>
  <testcase classname="E_commerceSite.E_commerceSite.AppTest" name="cartPage" time="9.200"/>
  <testcase classname="E_commerceSite.E_commerceSite.AppTest" name="contactPage" time="4.422"/>
  <testcase classname="E_commerceSite.E_commerceSite.AppTest" name="logoutAndLogin" time="1.794"/>
  <testcase classname="E_commerceSite.E_commerceSite.AppTest" name="deleteAccount" time="6.227"/>
</testsuite> <!-- E_commerceSite.E_commerceSite.AppTest -->
